<?xml version="1.0" encoding="UTF-8"?>
<!-- Generated by org.testng.reporters.JUnitReportReporter -->
<testsuite skipped="0" hostname="Anshuls-MacBook.local" name="com.selenuim.basic.FirstSeleniumTest" tests="1" failures="0" timestamp="2022-06-21T18:59:03 IST" time="12.741" errors="0">
  <testcase name="verifyFaceBookHomePage" time="12.741" classname="com.selenuim.basic.FirstSeleniumTest"/>
  <system-out/>
</testsuite> <!-- com.selenuim.basic.FirstSeleniumTest -->
