<?xml version="1.0" encoding="UTF-8"?>
<!-- Generated by org.testng.reporters.JUnitReportReporter -->
<testsuite skipped="0" hostname="Anshuls-MacBook.local" name="com.selenium.masterpart1.FindBrokenLink" tests="1" failures="0" timestamp="2022-06-25T21:10:10 IST" time="120.146" errors="0">
  <testcase name="testimplicitWait" time="120.146" classname="com.selenium.masterpart1.FindBrokenLink"/>
  <system-out/>
</testsuite> <!-- com.selenium.masterpart1.FindBrokenLink -->
