<?xml version="1.0" encoding="UTF-8"?>
<!-- Generated by org.testng.reporters.JUnitReportReporter -->
<testsuite skipped="0" hostname="Anshuls-MacBook.local" name="com.selenium.webelement.XpathClass" tests="1" failures="0" timestamp="2022-06-21T22:20:12 IST" time="16.099" errors="0">
  <testcase name="absoluteXpath" time="16.099" classname="com.selenium.webelement.XpathClass"/>
  <system-out/>
</testsuite> <!-- com.selenium.webelement.XpathClass -->
