<?xml version="1.0" encoding="UTF-8"?>
<!-- Generated by org.testng.reporters.JUnitReportReporter -->
<testsuite skipped="0" hostname="Anshuls-MacBook.local" name="com.selenium.masterpart3.UploadFileSelenium" tests="1" failures="0" timestamp="2022-06-25T22:51:52 IST" time="23.214" errors="0">
  <testcase name="testUploadFunction" time="23.214" classname="com.selenium.masterpart3.UploadFileSelenium"/>
  <system-out/>
</testsuite> <!-- com.selenium.masterpart3.UploadFileSelenium -->
