<?xml version="1.0" encoding="UTF-8"?>
<!-- Generated by org.testng.reporters.JUnitReportReporter -->
<testsuite skipped="0" hostname="Anshuls-MacBook.local" name="com.selenium.masterpart3.HandleWebTable" tests="1" failures="0" timestamp="2022-06-25T22:47:13 IST" time="35.785" errors="0">
  <testcase name="manageWebTable" time="35.785" classname="com.selenium.masterpart3.HandleWebTable"/>
  <system-out/>
</testsuite> <!-- com.selenium.masterpart3.HandleWebTable -->
