<?xml version="1.0" encoding="UTF-8"?>
<!-- Generated by org.testng.reporters.JUnitReportReporter -->
<testsuite skipped="0" hostname="Anshuls-MacBook.local" name="com.selenium.wait.ExplicitWaitClass" tests="5" failures="0" timestamp="2022-06-22T22:58:49 IST" time="66.336" errors="0">
  <testcase name="verifyElementSelected" time="12.927" classname="com.selenium.wait.ExplicitWaitClass"/>
  <system-out/>
  <testcase name="verifyElementVisibility" time="12.950" classname="com.selenium.wait.ExplicitWaitClass"/>
  <system-out/>
  <testcase name="verifyElementClickable" time="12.725" classname="com.selenium.wait.ExplicitWaitClass"/>
  <system-out/>
  <testcase name="veriyPresentText" time="12.891" classname="com.selenium.wait.ExplicitWaitClass"/>
  <system-out/>
  <testcase name="verifyAlert" time="14.843" classname="com.selenium.wait.ExplicitWaitClass"/>
  <system-out/>
</testsuite> <!-- com.selenium.wait.ExplicitWaitClass -->
