<?xml version="1.0" encoding="UTF-8"?>
<!-- Generated by org.testng.reporters.JUnitReportReporter -->
<testsuite skipped="0" hostname="Anshuls-MacBook.local" name="com.selenium.masterpart2.MultiSelectDropDown" tests="1" failures="0" timestamp="2022-06-25T22:33:13 IST" time="32.655" errors="0">
  <testcase name="selectMultiSelectDropDown" time="32.655" classname="com.selenium.masterpart2.MultiSelectDropDown"/>
  <system-out/>
</testsuite> <!-- com.selenium.masterpart2.MultiSelectDropDown -->
