<?xml version="1.0" encoding="UTF-8"?>
<!-- Generated by org.testng.reporters.JUnitReportReporter -->
<testsuite skipped="0" hostname="Anshuls-MacBook.local" name="com.selenuim.basic.InvokeBrowserDynamically" tests="1" failures="0" timestamp="2022-06-21T19:16:08 IST" time="14.849" errors="0">
  <testcase name="verifyFaceBookHomePage" time="14.849" classname="com.selenuim.basic.InvokeBrowserDynamically"/>
  <system-out/>
</testsuite> <!-- com.selenuim.basic.InvokeBrowserDynamically -->
