<?xml version="1.0" encoding="UTF-8"?>
<!-- Generated by org.testng.reporters.JUnitReportReporter -->
<testsuite skipped="0" hostname="Anshuls-MacBook.local" name="com.selenium.masterpart2.SelectDropDown" tests="1" failures="0" timestamp="2022-06-25T22:15:10 IST" time="22.613" errors="0">
  <testcase name="SelectDOB" time="22.613" classname="com.selenium.masterpart2.SelectDropDown"/>
  <system-out/>
</testsuite> <!-- com.selenium.masterpart2.SelectDropDown -->
