<?xml version="1.0" encoding="UTF-8"?>
<!-- Generated by org.testng.reporters.JUnitReportReporter -->
<testsuite skipped="0" hostname="Anshuls-MacBook.local" name="com.selenium.wait.ImplicitWaitClass" tests="1" failures="0" timestamp="2022-06-22T22:42:55 IST" time="14.765" errors="0">
  <testcase name="testimplicitWait" time="14.765" classname="com.selenium.wait.ImplicitWaitClass"/>
  <system-out/>
</testsuite> <!-- com.selenium.wait.ImplicitWaitClass -->
