<?xml version="1.0" encoding="UTF-8"?>
<!-- Generated by org.testng.reporters.JUnitReportReporter -->
<testsuite skipped="0" hostname="Anshuls-MacBook.local" name="com.selenium.wait.PageLoadTimeOutClass" tests="1" failures="0" timestamp="2022-06-22T22:49:39 IST" time="45.481" errors="0">
  <testcase name="pageLoadTimeOutTest" time="45.481" classname="com.selenium.wait.PageLoadTimeOutClass"/>
  <system-out/>
</testsuite> <!-- com.selenium.wait.PageLoadTimeOutClass -->
