<?xml version="1.0" encoding="UTF-8"?>
<!-- Generated by org.testng.reporters.JUnitReportReporter -->
<testsuite skipped="0" hostname="Anshuls-MacBook.local" name="com.selenium.masterpart1.ExtractTextInSelenium" tests="1" failures="0" timestamp="2022-06-25T21:01:43 IST" time="9.501" errors="0">
  <testcase name="testimplicitWait" time="9.501" classname="com.selenium.masterpart1.ExtractTextInSelenium"/>
  <system-out/>
</testsuite> <!-- com.selenium.masterpart1.ExtractTextInSelenium -->
