<?xml version="1.0" encoding="UTF-8"?>
<!-- Generated by org.testng.reporters.JUnitReportReporter -->
<testsuite skipped="0" hostname="Anshuls-MacBook.local" name="com.selenium.masterpart1.HandleIframes" tests="1" failures="0" timestamp="2022-06-25T21:15:31 IST" time="11.657" errors="0">
  <testcase name="getIFrame" time="11.657" classname="com.selenium.masterpart1.HandleIframes"/>
  <system-out/>
</testsuite> <!-- com.selenium.masterpart1.HandleIframes -->
