<?xml version="1.0" encoding="UTF-8"?>
<!-- Generated by org.testng.reporters.JUnitReportReporter -->
<testsuite skipped="0" hostname="Anshuls-MacBook.local" name="com.selenium.wait.SleepWaitClass" tests="1" failures="0" timestamp="2022-06-21T22:44:28 IST" time="23.228" errors="0">
  <testcase name="googleSearch" time="23.228" classname="com.selenium.wait.SleepWaitClass"/>
  <system-out/>
</testsuite> <!-- com.selenium.wait.SleepWaitClass -->
