<?xml version="1.0" encoding="UTF-8"?>
<!-- Generated by org.testng.reporters.JUnitReportReporter -->
<testsuite skipped="0" hostname="Anshuls-MacBook.local" name="com.selenium.webelement.CNNTest" tests="1" failures="0" timestamp="2022-06-21T22:36:47 IST" time="35.054" errors="0">
  <testcase name="testTravelLink" time="35.054" classname="com.selenium.webelement.CNNTest"/>
  <system-out/>
</testsuite> <!-- com.selenium.webelement.CNNTest -->
