<?xml version="1.0" encoding="UTF-8"?>
<!-- Generated by org.testng.reporters.JUnitReportReporter -->
<testsuite skipped="0" hostname="Anshuls-MacBook.local" name="com.selenuim.basic.OptionsClassSelenium" tests="5" failures="0" timestamp="2022-06-21T20:05:32 IST" time="46.563" errors="0">
  <testcase name="OpenHeadLess" time="25.037" classname="com.selenuim.basic.OptionsClassSelenium"/>
  <system-out/>
  <testcase name="setArguments" time="3.321" classname="com.selenuim.basic.OptionsClassSelenium"/>
  <system-out/>
  <testcase name="SetPageLoadStrategy" time="3.219" classname="com.selenuim.basic.OptionsClassSelenium"/>
  <system-out/>
  <testcase name="SetBrowserNotification" time="6.998" classname="com.selenuim.basic.OptionsClassSelenium"/>
  <system-out/>
  <testcase name="handleUnHandledAlert" time="7.988" classname="com.selenuim.basic.OptionsClassSelenium"/>
  <system-out/>
</testsuite> <!-- com.selenuim.basic.OptionsClassSelenium -->
