<?xml version="1.0" encoding="UTF-8"?>
<!-- Generated by org.testng.reporters.JUnitReportReporter -->
<testsuite skipped="0" hostname="Anshuls-MacBook.local" name="com.selenium.masterpart2.HandleDragAndDrop" tests="1" failures="0" timestamp="2022-06-25T22:34:11 IST" time="18.821" errors="0">
  <testcase name="customDragDrop" time="18.821" classname="com.selenium.masterpart2.HandleDragAndDrop"/>
  <system-out/>
</testsuite> <!-- com.selenium.masterpart2.HandleDragAndDrop -->
