<?xml version="1.0" encoding="UTF-8"?>
<!-- Generated by org.testng.reporters.JUnitReportReporter -->
<testsuite skipped="0" hostname="Anshuls-MacBook.local" name="com.selenuim.basic.InvokeOtherBrowsers" tests="1" failures="0" timestamp="2022-06-21T19:04:36 IST" time="15.793" errors="0">
  <testcase name="verifyFaceBookHomePage" time="15.793" classname="com.selenuim.basic.InvokeOtherBrowsers"/>
  <system-out/>
</testsuite> <!-- com.selenuim.basic.InvokeOtherBrowsers -->
