<?xml version="1.0" encoding="UTF-8"?>
<!-- Generated by org.testng.reporters.JUnitReportReporter -->
<testsuite skipped="0" hostname="Anshuls-MacBook.local" name="com.selenium.masterpart3.HandleAutoSuggest" tests="1" failures="0" timestamp="2022-06-25T22:35:46 IST" time="15.392" errors="0">
  <testcase name="testAutoSuggest" time="15.392" classname="com.selenium.masterpart3.HandleAutoSuggest"/>
  <system-out/>
</testsuite> <!-- com.selenium.masterpart3.HandleAutoSuggest -->
