<?xml version="1.0" encoding="UTF-8"?>
<!-- Generated by org.testng.reporters.JUnitReportReporter -->
<testsuite skipped="0" hostname="Anshuls-MacBook.local" name="com.selenium.masterpart3.ManageJavaScriptExecutor" tests="1" failures="0" timestamp="2022-06-25T22:48:39 IST" time="20.061" errors="0">
  <testcase name="testJavaScriptExecutor" time="20.061" classname="com.selenium.masterpart3.ManageJavaScriptExecutor"/>
  <system-out/>
</testsuite> <!-- com.selenium.masterpart3.ManageJavaScriptExecutor -->
