<?xml version="1.0" encoding="UTF-8"?>
<!-- Generated by org.testng.reporters.JUnitReportReporter -->
<testsuite skipped="0" hostname="Anshuls-MacBook.local" name="com.selenium.webelement.ReddifSignInTest" tests="1" failures="0" timestamp="2022-06-21T21:32:12 IST" time="29.019" errors="0">
  <testcase name="testReddifSignIn" time="29.019" classname="com.selenium.webelement.ReddifSignInTest"/>
  <system-out/>
</testsuite> <!-- com.selenium.webelement.ReddifSignInTest -->
